2026-01-26 17:23:23,937 | INFO | __main__ | src\House_price_prediction dir is created !!
2026-01-26 17:23:23,937 | INFO | __main__ | src\House_price_prediction file is created !!
2026-01-26 17:23:23,938 | INFO | __main__ | src\House_price_prediction\entity dir is created !!
2026-01-26 17:23:23,939 | INFO | __main__ | src\House_price_prediction\entity file is created !!
2026-01-26 17:23:23,939 | INFO | __main__ | src\House_price_prediction\entity file is created !!
2026-01-26 17:23:23,940 | INFO | __main__ | src\House_price_prediction\configurtion dir is created !!
2026-01-26 17:23:23,941 | INFO | __main__ | src\House_price_prediction\configurtion file is created !!
2026-01-26 17:23:23,941 | INFO | __main__ | src\House_price_prediction\configurtion file is created !!
2026-01-26 17:23:23,942 | INFO | __main__ | src\House_price_prediction\componants dir is created !!
2026-01-26 17:23:23,942 | INFO | __main__ | src\House_price_prediction\componants file is created !!
2026-01-26 17:23:23,943 | INFO | __main__ | src\House_price_prediction\componants file is created !!
2026-01-26 17:23:23,943 | INFO | __main__ | src\House_price_prediction\componants file is created !!
2026-01-26 17:23:23,944 | INFO | __main__ | src\House_price_prediction\componants file is created !!
2026-01-26 17:23:23,944 | INFO | __main__ | src\House_price_prediction\componants file is created !!
2026-01-26 17:23:23,945 | INFO | __main__ | src\House_price_prediction\pipeline dir is created !!
2026-01-26 17:23:23,945 | INFO | __main__ | src\House_price_prediction\pipeline file is created !!
2026-01-26 17:23:23,945 | INFO | __main__ | src\House_price_prediction\pipeline file is created !!
2026-01-26 17:23:23,946 | INFO | __main__ | src\House_price_prediction\pipeline file is created !!
2026-01-26 17:23:23,946 | INFO | __main__ | src\House_price_prediction\pipeline file is created !!
2026-01-26 17:23:23,947 | INFO | __main__ | src\House_price_prediction\pipeline file is created !!
2026-01-26 17:23:23,947 | INFO | __main__ | config dir is created !!
2026-01-26 17:23:23,948 | INFO | __main__ | config file is created !!
2026-01-26 17:23:23,948 | INFO | __main__ | config file is created !!
2026-01-26 17:23:23,949 | INFO | __main__ | . file is created !!
2026-01-26 17:58:05,008 | INFO | __main__ | src\House_price_prediction\componants file is created !!
2026-01-26 17:58:05,009 | INFO | __main__ | src\House_price_prediction\componants file is created !!
2026-01-26 17:58:05,009 | INFO | __main__ | src\House_price_prediction\pipeline file is created !!
2026-01-26 17:58:05,010 | INFO | __main__ | src\House_price_prediction\pipeline file is created !!
2026-01-26 17:58:05,010 | INFO | __main__ | src\House_price_prediction\pipeline file is created !!
2026-01-26 18:00:00,936 | INFO | __main__ | src\House_price_prediction\pipeline file is created !!
